# JRE version: OpenJDK Runtime Environment (8.0_152-b01) (build 1.8.0_152-release-1024-b01)
# Java VM: OpenJDK 64-Bit Server VM (25.152-b01 mixed mode linux-amd64 compressed oops)
Heap:
 PSYoungGen      total 450048K, used 75946K [0x00000000e0000000, 0x00000000fec00000, 0x0000000100000000)
  eden space 402432K, 17% used [0x00000000e0000000,0x00000000e453aa10,0x00000000f8900000)
  from space 47616K, 10% used [0x00000000fbd80000,0x00000000fc270030,0x00000000fec00000)
  to   space 50688K, 0% used [0x00000000f8900000,0x00000000f8900000,0x00000000fba80000)
 ParOldGen       total 223232K, used 83767K [0x00000000a0000000, 0x00000000ada00000, 0x00000000e0000000)
  object space 223232K, 37% used [0x00000000a0000000,0x00000000a51cdc60,0x00000000ada00000)
 Metaspace       used 75259K, capacity 79509K, committed 81112K, reserved 1120256K
  class space    used 9484K, capacity 10408K, committed 10752K, reserved 1048576K
GC Heap History (10 events):
Event: 231.996 GC heap before
{Heap before GC invocations=20 (full 3):
 PSYoungGen      total 258048K, used 238672K [0x00000000e0000000, 0x00000000f2980000, 0x0000000100000000)
  eden space 230912K, 100% used [0x00000000e0000000,0x00000000ee180000,0x00000000ee180000)
  from space 27136K, 28% used [0x00000000f0f00000,0x00000000f1694020,0x00000000f2980000)
  to   space 36864K, 0% used [0x00000000ee180000,0x00000000ee180000,0x00000000f0580000)
 ParOldGen       total 134656K, used 104026K [0x00000000a0000000, 0x00000000a8380000, 0x00000000e0000000)
  object space 134656K, 77% used [0x00000000a0000000,0x00000000a6596800,0x00000000a8380000)
 Metaspace       used 76546K, capacity 80907K, committed 81112K, reserved 1120256K
  class space    used 9718K, capacity 10681K, committed 10752K, reserved 1048576K
Event: 232.017 GC heap after
Heap after GC invocations=20 (full 3):
 PSYoungGen      total 267776K, used 36834K [0x00000000e0000000, 0x00000000f8300000, 0x0000000100000000)
  eden space 230912K, 0% used [0x00000000e0000000,0x00000000e0000000,0x00000000ee180000)
  from space 36864K, 99% used [0x00000000ee180000,0x00000000f0578828,0x00000000f0580000)
  to   space 47104K, 0% used [0x00000000f5500000,0x00000000f5500000,0x00000000f8300000)
 ParOldGen       total 134656K, used 115434K [0x00000000a0000000, 0x00000000a8380000, 0x00000000e0000000)
  object space 134656K, 85% used [0x00000000a0000000,0x00000000a70baa60,0x00000000a8380000)
 Metaspace       used 76546K, capacity 80907K, committed 81112K, reserved 1120256K
  class space    used 9718K, capacity 10681K, committed 10752K, reserved 1048576K
}
Event: 232.295 GC heap before
{Heap before GC invocations=21 (full 3):
 PSYoungGen      total 267776K, used 267358K [0x00000000e0000000, 0x00000000f8300000, 0x0000000100000000)
  eden space 230912K, 99% used [0x00000000e0000000,0x00000000ee11f060,0x00000000ee180000)
  from space 36864K, 99% used [0x00000000ee180000,0x00000000f0578828,0x00000000f0580000)
  to   space 47104K, 0% used [0x00000000f5500000,0x00000000f5500000,0x00000000f8300000)
 ParOldGen       total 134656K, used 115434K [0x00000000a0000000, 0x00000000a8380000, 0x00000000e0000000)
  object space 134656K, 85% used [0x00000000a0000000,0x00000000a70baa60,0x00000000a8380000)
 Metaspace       used 76582K, capacity 80915K, committed 81112K, reserved 1120256K
  class space    used 9718K, capacity 10681K, committed 10752K, reserved 1048576K
Event: 232.322 GC heap after
Heap after GC invocations=21 (full 3):
 PSYoungGen      total 342016K, used 43270K [0x00000000e0000000, 0x00000000f9f00000, 0x0000000100000000)
  eden space 294912K, 0% used [0x00000000e0000000,0x00000000e0000000,0x00000000f2000000)
  from space 47104K, 91% used [0x00000000f5500000,0x00000000f7f41950,0x00000000f8300000)
  to   space 54272K, 0% used [0x00000000f2000000,0x00000000f2000000,0x00000000f5500000)
 ParOldGen       total 205824K, used 204094K [0x00000000a0000000, 0x00000000ac900000, 0x00000000e0000000)
  object space 205824K, 99% used [0x00000000a0000000,0x00000000ac74f9c8,0x00000000ac900000)
 Metaspace       used 76582K, capacity 80915K, committed 81112K, reserved 1120256K
  class space    used 9718K, capacity 10681K, committed 10752K, reserved 1048576K
}
Event: 232.322 GC heap before
{Heap before GC invocations=22 (full 4):
 PSYoungGen      total 342016K, used 43270K [0x00000000e0000000, 0x00000000f9f00000, 0x0000000100000000)
  eden space 294912K, 0% used [0x00000000e0000000,0x00000000e0000000,0x00000000f2000000)
  from space 47104K, 91% used [0x00000000f5500000,0x00000000f7f41950,0x00000000f8300000)
  to   space 54272K, 0% used [0x00000000f2000000,0x00000000f2000000,0x00000000f5500000)
 ParOldGen       total 205824K, used 204094K [0x00000000a0000000, 0x00000000ac900000, 0x00000000e0000000)
  object space 205824K, 99% used [0x00000000a0000000,0x00000000ac74f9c8,0x00000000ac900000)
 Metaspace       used 76582K, capacity 80915K, committed 81112K, reserved 1120256K
  class space    used 9718K, capacity 10681K, committed 10752K, reserved 1048576K
Event: 232.430 GC heap after
Heap after GC invocations=22 (full 4):
 PSYoungGen      total 342016K, used 0K [0x00000000e0000000, 0x00000000f9f00000, 0x0000000100000000)
  eden space 294912K, 0% used [0x00000000e0000000,0x00000000e0000000,0x00000000f2000000)
  from space 47104K, 0% used [0x00000000f5500000,0x00000000f5500000,0x00000000f8300000)
  to   space 54272K, 0% used [0x00000000f2000000,0x00000000f2000000,0x00000000f5500000)
 ParOldGen       total 223232K, used 83511K [0x00000000a0000000, 0x00000000ada00000, 0x00000000e0000000)
  object space 223232K, 37% used [0x00000000a0000000,0x00000000a518dc40,0x00000000ada00000)
 Metaspace       used 74397K, capacity 78509K, committed 81112K, reserved 1120256K
  class space    used 9427K, capacity 10322K, committed 10752K, reserved 1048576K
}
Event: 232.850 GC heap before
{Heap before GC invocations=23 (full 4):
 PSYoungGen      total 342016K, used 293991K [0x00000000e0000000, 0x00000000f9f00000, 0x0000000100000000)
  eden space 294912K, 99% used [0x00000000e0000000,0x00000000f1f19e68,0x00000000f2000000)
  from space 47104K, 0% used [0x00000000f5500000,0x00000000f5500000,0x00000000f8300000)
  to   space 54272K, 0% used [0x00000000f2000000,0x00000000f2000000,0x00000000f5500000)
 ParOldGen       total 223232K, used 83511K [0x00000000a0000000, 0x00000000ada00000, 0x00000000e0000000)
  object space 223232K, 37% used [0x00000000a0000000,0x00000000a518dc40,0x00000000ada00000)
 Metaspace       used 74876K, capacity 78975K, committed 81112K, reserved 1120256K
  class space    used 9469K, capacity 10363K, committed 10752K, reserved 1048576K
Event: 232.862 GC heap after
Heap after GC invocations=23 (full 4):
 PSYoungGen      total 349184K, used 15956K [0x00000000e0000000, 0x00000000fef80000, 0x0000000100000000)
  eden space 294912K, 0% used [0x00000000e0000000,0x00000000e0000000,0x00000000f2000000)
  from space 54272K, 29% used [0x00000000f2000000,0x00000000f2f95378,0x00000000f5500000)
  to   space 51200K, 0% used [0x00000000fbd80000,0x00000000fbd80000,0x00000000fef80000)
 ParOldGen       total 223232K, used 83519K [0x00000000a0000000, 0x00000000ada00000, 0x00000000e0000000)
  object space 223232K, 37% used [0x00000000a0000000,0x00000000a518fc40,0x00000000ada00000)
 Metaspace       used 74876K, capacity 78975K, committed 81112K, reserved 1120256K
  class space    used 9469K, capacity 10363K, committed 10752K, reserved 1048576K
}
Event: 1125.779 GC heap before
{Heap before GC invocations=24 (full 4):
 PSYoungGen      total 349184K, used 310868K [0x00000000e0000000, 0x00000000fef80000, 0x0000000100000000)
  eden space 294912K, 100% used [0x00000000e0000000,0x00000000f2000000,0x00000000f2000000)
  from space 54272K, 29% used [0x00000000f2000000,0x00000000f2f95378,0x00000000f5500000)
  to   space 51200K, 0% used [0x00000000fbd80000,0x00000000fbd80000,0x00000000fef80000)
 ParOldGen       total 223232K, used 83519K [0x00000000a0000000, 0x00000000ada00000, 0x00000000e0000000)
  object space 223232K, 37% used [0x00000000a0000000,0x00000000a518fc40,0x00000000ada00000)
 Metaspace       used 75133K, capacity 79377K, committed 81112K, reserved 1120256K
  class space    used 9483K, capacity 10408K, committed 10752K, reserved 1048576K
Event: 1125.785 GC heap after
Heap after GC invocations=24 (full 4):
 PSYoungGen      total 450048K, used 5056K [0x00000000e0000000, 0x00000000fec00000, 0x0000000100000000)
  eden space 402432K, 0% used [0x00000000e0000000,0x00000000e0000000,0x00000000f8900000)
  from space 47616K, 10% used [0x00000000fbd80000,0x00000000fc270030,0x00000000fec00000)
  to   space 50688K, 0% used [0x00000000f8900000,0x00000000f8900000,0x00000000fba80000)
 ParOldGen       total 223232K, used 83767K [0x00000000a0000000, 0x00000000ada00000, 0x00000000e0000000)
  object space 223232K, 37% used [0x00000000a0000000,0x00000000a51cdc60,0x00000000ada00000)
 Metaspace       used 75133K, capacity 79377K, committed 81112K, reserved 1120256K
  class space    used 9483K, capacity 10408K, committed 10752K, reserved 1048576K
}

