# JRE version: OpenJDK Runtime Environment (8.0_112-b06) (build 1.8.0_112-release-b06)
# Java VM: OpenJDK 64-Bit Server VM (25.112-b06 mixed mode linux-amd64 compressed oops)
Heap:
 PSYoungGen      total 419328K, used 285198K [0x00000000e0000000, 0x0000000100000000, 0x0000000100000000)
  eden space 359424K, 62% used [0x00000000e0000000,0x00000000edc0b100,0x00000000f5f00000)
  from space 59904K, 99% used [0x00000000fc580000,0x00000000ffff8768,0x0000000100000000)
  to   space 82432K, 0% used [0x00000000f5f00000,0x00000000f5f00000,0x00000000faf80000)
 ParOldGen       total 285696K, used 102634K [0x00000000a0000000, 0x00000000b1700000, 0x00000000e0000000)
  object space 285696K, 35% used [0x00000000a0000000,0x00000000a643abe0,0x00000000b1700000)
 Metaspace       used 86694K, capacity 89892K, committed 90240K, reserved 1128448K
  class space    used 10678K, capacity 11285K, committed 11392K, reserved 1048576K
GC Heap History (10 events):
Event: 207.132 GC heap before
{Heap before GC invocations=19 (full 3):
 PSYoungGen      total 300544K, used 291346K [0x00000000e0000000, 0x00000000f8c80000, 0x0000000100000000)
  eden space 266752K, 100% used [0x00000000e0000000,0x00000000f0480000,0x00000000f0480000)
  from space 33792K, 72% used [0x00000000f0480000,0x00000000f1c84ac8,0x00000000f2580000)
  to   space 35328K, 0% used [0x00000000f6a00000,0x00000000f6a00000,0x00000000f8c80000)
 ParOldGen       total 285696K, used 47146K [0x00000000a0000000, 0x00000000b1700000, 0x00000000e0000000)
  object space 285696K, 16% used [0x00000000a0000000,0x00000000a2e0a9f0,0x00000000b1700000)
 Metaspace       used 82943K, capacity 86162K, committed 86528K, reserved 1124352K
  class space    used 10335K, capacity 10960K, committed 11008K, reserved 1048576K
Event: 207.179 GC heap after
Heap after GC invocations=19 (full 3):
 PSYoungGen      total 358400K, used 35298K [0x00000000e0000000, 0x00000000fb880000, 0x0000000100000000)
  eden space 323072K, 0% used [0x00000000e0000000,0x00000000e0000000,0x00000000f3b80000)
  from space 35328K, 99% used [0x00000000f6a00000,0x00000000f8c78848,0x00000000f8c80000)
  to   space 47616K, 0% used [0x00000000f3b80000,0x00000000f3b80000,0x00000000f6a00000)
 ParOldGen       total 285696K, used 66286K [0x00000000a0000000, 0x00000000b1700000, 0x00000000e0000000)
  object space 285696K, 23% used [0x00000000a0000000,0x00000000a40bbb90,0x00000000b1700000)
 Metaspace       used 82943K, capacity 86162K, committed 86528K, reserved 1124352K
  class space    used 10335K, capacity 10960K, committed 11008K, reserved 1048576K
}
Event: 208.743 GC heap before
{Heap before GC invocations=20 (full 3):
 PSYoungGen      total 358400K, used 358370K [0x00000000e0000000, 0x00000000fb880000, 0x0000000100000000)
  eden space 323072K, 100% used [0x00000000e0000000,0x00000000f3b80000,0x00000000f3b80000)
  from space 35328K, 99% used [0x00000000f6a00000,0x00000000f8c78848,0x00000000f8c80000)
  to   space 47616K, 0% used [0x00000000f3b80000,0x00000000f3b80000,0x00000000f6a00000)
 ParOldGen       total 285696K, used 66286K [0x00000000a0000000, 0x00000000b1700000, 0x00000000e0000000)
  object space 285696K, 23% used [0x00000000a0000000,0x00000000a40bbb90,0x00000000b1700000)
 Metaspace       used 83902K, capacity 87122K, committed 87424K, reserved 1126400K
  class space    used 10463K, capacity 11088K, committed 11136K, reserved 1048576K
Event: 208.775 GC heap after
Heap after GC invocations=20 (full 3):
 PSYoungGen      total 370688K, used 36566K [0x00000000e0000000, 0x00000000fec80000, 0x0000000100000000)
  eden space 323072K, 0% used [0x00000000e0000000,0x00000000e0000000,0x00000000f3b80000)
  from space 47616K, 76% used [0x00000000f3b80000,0x00000000f5f35960,0x00000000f6a00000)
  to   space 51200K, 0% used [0x00000000fba80000,0x00000000fba80000,0x00000000fec80000)
 ParOldGen       total 285696K, used 66294K [0x00000000a0000000, 0x00000000b1700000, 0x00000000e0000000)
  object space 285696K, 23% used [0x00000000a0000000,0x00000000a40bdb90,0x00000000b1700000)
 Metaspace       used 83902K, capacity 87122K, committed 87424K, reserved 1126400K
  class space    used 10463K, capacity 11088K, committed 11136K, reserved 1048576K
}
Event: 209.508 GC heap before
{Heap before GC invocations=21 (full 3):
 PSYoungGen      total 370688K, used 359638K [0x00000000e0000000, 0x00000000fec80000, 0x0000000100000000)
  eden space 323072K, 100% used [0x00000000e0000000,0x00000000f3b80000,0x00000000f3b80000)
  from space 47616K, 76% used [0x00000000f3b80000,0x00000000f5f35960,0x00000000f6a00000)
  to   space 51200K, 0% used [0x00000000fba80000,0x00000000fba80000,0x00000000fec80000)
 ParOldGen       total 285696K, used 66294K [0x00000000a0000000, 0x00000000b1700000, 0x00000000e0000000)
  object space 285696K, 23% used [0x00000000a0000000,0x00000000a40bdb90,0x00000000b1700000)
 Metaspace       used 84012K, capacity 87186K, committed 87424K, reserved 1126400K
  class space    used 10466K, capacity 11088K, committed 11136K, reserved 1048576K
Event: 209.549 GC heap after
Heap after GC invocations=21 (full 3):
 PSYoungGen      total 449024K, used 40296K [0x00000000e0000000, 0x0000000100000000, 0x0000000100000000)
  eden space 397824K, 0% used [0x00000000e0000000,0x00000000e0000000,0x00000000f8480000)
  from space 51200K, 78% used [0x00000000fba80000,0x00000000fe1da290,0x00000000fec80000)
  to   space 55296K, 0% used [0x00000000f8480000,0x00000000f8480000,0x00000000fba80000)
 ParOldGen       total 285696K, used 66302K [0x00000000a0000000, 0x00000000b1700000, 0x00000000e0000000)
  object space 285696K, 23% used [0x00000000a0000000,0x00000000a40bfb90,0x00000000b1700000)
 Metaspace       used 84012K, capacity 87186K, committed 87424K, reserved 1126400K
  class space    used 10466K, capacity 11088K, committed 11136K, reserved 1048576K
}
Event: 210.713 GC heap before
{Heap before GC invocations=22 (full 3):
 PSYoungGen      total 449024K, used 438120K [0x00000000e0000000, 0x0000000100000000, 0x0000000100000000)
  eden space 397824K, 100% used [0x00000000e0000000,0x00000000f8480000,0x00000000f8480000)
  from space 51200K, 78% used [0x00000000fba80000,0x00000000fe1da290,0x00000000fec80000)
  to   space 55296K, 0% used [0x00000000f8480000,0x00000000f8480000,0x00000000fba80000)
 ParOldGen       total 285696K, used 66302K [0x00000000a0000000, 0x00000000b1700000, 0x00000000e0000000)
  object space 285696K, 23% used [0x00000000a0000000,0x00000000a40bfb90,0x00000000b1700000)
 Metaspace       used 84233K, capacity 87492K, committed 87936K, reserved 1126400K
  class space    used 10497K, capacity 11125K, committed 11136K, reserved 1048576K
Event: 210.752 GC heap after
Heap after GC invocations=22 (full 3):
 PSYoungGen      total 453120K, used 44118K [0x00000000e0000000, 0x0000000100000000, 0x0000000100000000)
  eden space 397824K, 0% used [0x00000000e0000000,0x00000000e0000000,0x00000000f8480000)
  from space 55296K, 79% used [0x00000000f8480000,0x00000000faf95878,0x00000000fba80000)
  to   space 59904K, 0% used [0x00000000fc580000,0x00000000fc580000,0x0000000100000000)
 ParOldGen       total 285696K, used 66310K [0x00000000a0000000, 0x00000000b1700000, 0x00000000e0000000)
  object space 285696K, 23% used [0x00000000a0000000,0x00000000a40c1b90,0x00000000b1700000)
 Metaspace       used 84233K, capacity 87492K, committed 87936K, reserved 1126400K
  class space    used 10497K, capacity 11125K, committed 11136K, reserved 1048576K
}
Event: 211.583 GC heap before
{Heap before GC invocations=23 (full 3):
 PSYoungGen      total 453120K, used 441942K [0x00000000e0000000, 0x0000000100000000, 0x0000000100000000)
  eden space 397824K, 100% used [0x00000000e0000000,0x00000000f8480000,0x00000000f8480000)
  from space 55296K, 79% used [0x00000000f8480000,0x00000000faf95878,0x00000000fba80000)
  to   space 59904K, 0% used [0x00000000fc580000,0x00000000fc580000,0x0000000100000000)
 ParOldGen       total 285696K, used 66310K [0x00000000a0000000, 0x00000000b1700000, 0x00000000e0000000)
  object space 285696K, 23% used [0x00000000a0000000,0x00000000a40c1b90,0x00000000b1700000)
 Metaspace       used 86657K, capacity 89828K, committed 90240K, reserved 1128448K
  class space    used 10677K, capacity 11285K, committed 11392K, reserved 1048576K
Event: 211.655 GC heap after
Heap after GC invocations=23 (full 3):
 PSYoungGen      total 419328K, used 59873K [0x00000000e0000000, 0x0000000100000000, 0x0000000100000000)
  eden space 359424K, 0% used [0x00000000e0000000,0x00000000e0000000,0x00000000f5f00000)
  from space 59904K, 99% used [0x00000000fc580000,0x00000000ffff8768,0x0000000100000000)
  to   space 82432K, 0% used [0x00000000f5f00000,0x00000000f5f00000,0x00000000faf80000)
 ParOldGen       total 285696K, used 102634K [0x00000000a0000000, 0x00000000b1700000, 0x00000000e0000000)
  object space 285696K, 35% used [0x00000000a0000000,0x00000000a643abe0,0x00000000b1700000)
 Metaspace       used 86657K, capacity 89828K, committed 90240K, reserved 1128448K
  class space    used 10677K, capacity 11285K, committed 11392K, reserved 1048576K
}

