# JRE version: OpenJDK Runtime Environment (8.0_152-b01) (build 1.8.0_152-release-1024-b01)
# Java VM: OpenJDK 64-Bit Server VM (25.152-b01 mixed mode linux-amd64 compressed oops)
Heap:
 PSYoungGen      total 481280K, used 419190K [0x00000000e0000000, 0x0000000100000000, 0x0000000100000000)
  eden space 453632K, 86% used [0x00000000e0000000,0x00000000f7e5ec20,0x00000000fbb00000)
  from space 27648K, 99% used [0x00000000fe500000,0x00000000ffffef18,0x0000000100000000)
  to   space 35328K, 0% used [0x00000000fbb00000,0x00000000fbb00000,0x00000000fdd80000)
 ParOldGen       total 190976K, used 50720K [0x00000000a0000000, 0x00000000aba80000, 0x00000000e0000000)
  object space 190976K, 26% used [0x00000000a0000000,0x00000000a3188300,0x00000000aba80000)
 Metaspace       used 83826K, capacity 88806K, committed 88920K, reserved 1126400K
  class space    used 11034K, capacity 12149K, committed 12160K, reserved 1048576K
GC Heap History (10 events):
Event: 3.596 GC heap before
{Heap before GC invocations=7 (full 2):
 PSYoungGen      total 268800K, used 10353K [0x00000000e0000000, 0x00000000f9780000, 0x0000000100000000)
  eden space 258048K, 0% used [0x00000000e0000000,0x00000000e0000000,0x00000000efc00000)
  from space 10752K, 96% used [0x00000000efc00000,0x00000000f061c7a8,0x00000000f0680000)
  to   space 14336K, 0% used [0x00000000f8980000,0x00000000f8980000,0x00000000f9780000)
 ParOldGen       total 86528K, used 8777K [0x00000000a0000000, 0x00000000a5480000, 0x00000000e0000000)
  object space 86528K, 10% used [0x00000000a0000000,0x00000000a0892468,0x00000000a5480000)
 Metaspace       used 34520K, capacity 35220K, committed 35416K, reserved 1079296K
  class space    used 4713K, capacity 4966K, committed 4992K, reserved 1048576K
Event: 3.632 GC heap after
Heap after GC invocations=7 (full 2):
 PSYoungGen      total 268800K, used 0K [0x00000000e0000000, 0x00000000f9780000, 0x0000000100000000)
  eden space 258048K, 0% used [0x00000000e0000000,0x00000000e0000000,0x00000000efc00000)
  from space 10752K, 0% used [0x00000000efc00000,0x00000000efc00000,0x00000000f0680000)
  to   space 14336K, 0% used [0x00000000f8980000,0x00000000f8980000,0x00000000f9780000)
 ParOldGen       total 123904K, used 16499K [0x00000000a0000000, 0x00000000a7900000, 0x00000000e0000000)
  object space 123904K, 13% used [0x00000000a0000000,0x00000000a101cfe8,0x00000000a7900000)
 Metaspace       used 34520K, capacity 35220K, committed 35416K, reserved 1079296K
  class space    used 4713K, capacity 4966K, committed 4992K, reserved 1048576K
}
Event: 5.397 GC heap before
{Heap before GC invocations=8 (full 2):
 PSYoungGen      total 268800K, used 258048K [0x00000000e0000000, 0x00000000f9780000, 0x0000000100000000)
  eden space 258048K, 100% used [0x00000000e0000000,0x00000000efc00000,0x00000000efc00000)
  from space 10752K, 0% used [0x00000000efc00000,0x00000000efc00000,0x00000000f0680000)
  to   space 14336K, 0% used [0x00000000f8980000,0x00000000f8980000,0x00000000f9780000)
 ParOldGen       total 123904K, used 16499K [0x00000000a0000000, 0x00000000a7900000, 0x00000000e0000000)
  object space 123904K, 13% used [0x00000000a0000000,0x00000000a101cfe8,0x00000000a7900000)
 Metaspace       used 46568K, capacity 47662K, committed 48088K, reserved 1091584K
  class space    used 6221K, capacity 6534K, committed 6656K, reserved 1048576K
Event: 5.412 GC heap after
Heap after GC invocations=8 (full 2):
 PSYoungGen      total 398336K, used 14332K [0x00000000e0000000, 0x00000000fbb00000, 0x0000000100000000)
  eden space 384000K, 0% used [0x00000000e0000000,0x00000000e0000000,0x00000000f7700000)
  from space 14336K, 99% used [0x00000000f8980000,0x00000000f977f290,0x00000000f9780000)
  to   space 18944K, 0% used [0x00000000f7700000,0x00000000f7700000,0x00000000f8980000)
 ParOldGen       total 123904K, used 21939K [0x00000000a0000000, 0x00000000a7900000, 0x00000000e0000000)
  object space 123904K, 17% used [0x00000000a0000000,0x00000000a156cfd8,0x00000000a7900000)
 Metaspace       used 46568K, capacity 47662K, committed 48088K, reserved 1091584K
  class space    used 6221K, capacity 6534K, committed 6656K, reserved 1048576K
}
Event: 7.823 GC heap before
{Heap before GC invocations=9 (full 2):
 PSYoungGen      total 398336K, used 244835K [0x00000000e0000000, 0x00000000fbb00000, 0x0000000100000000)
  eden space 384000K, 60% used [0x00000000e0000000,0x00000000ee119c28,0x00000000f7700000)
  from space 14336K, 99% used [0x00000000f8980000,0x00000000f977f290,0x00000000f9780000)
  to   space 18944K, 0% used [0x00000000f7700000,0x00000000f7700000,0x00000000f8980000)
 ParOldGen       total 123904K, used 21939K [0x00000000a0000000, 0x00000000a7900000, 0x00000000e0000000)
  object space 123904K, 17% used [0x00000000a0000000,0x00000000a156cfd8,0x00000000a7900000)
 Metaspace       used 56894K, capacity 58942K, committed 59028K, reserved 1099776K
  class space    used 7630K, capacity 8108K, committed 8192K, reserved 1048576K
Event: 7.871 GC heap after
Heap after GC invocations=9 (full 2):
 PSYoungGen      total 402944K, used 18938K [0x00000000e0000000, 0x0000000100000000, 0x0000000100000000)
  eden space 384000K, 0% used [0x00000000e0000000,0x00000000e0000000,0x00000000f7700000)
  from space 18944K, 99% used [0x00000000f7700000,0x00000000f897e828,0x00000000f8980000)
  to   space 27648K, 0% used [0x00000000fe500000,0x00000000fe500000,0x0000000100000000)
 ParOldGen       total 123904K, used 33161K [0x00000000a0000000, 0x00000000a7900000, 0x00000000e0000000)
  object space 123904K, 26% used [0x00000000a0000000,0x00000000a20627f0,0x00000000a7900000)
 Metaspace       used 56894K, capacity 58942K, committed 59028K, reserved 1099776K
  class space    used 7630K, capacity 8108K, committed 8192K, reserved 1048576K
}
Event: 7.872 GC heap before
{Heap before GC invocations=10 (full 3):
 PSYoungGen      total 402944K, used 18938K [0x00000000e0000000, 0x0000000100000000, 0x0000000100000000)
  eden space 384000K, 0% used [0x00000000e0000000,0x00000000e0000000,0x00000000f7700000)
  from space 18944K, 99% used [0x00000000f7700000,0x00000000f897e828,0x00000000f8980000)
  to   space 27648K, 0% used [0x00000000fe500000,0x00000000fe500000,0x0000000100000000)
 ParOldGen       total 123904K, used 33161K [0x00000000a0000000, 0x00000000a7900000, 0x00000000e0000000)
  object space 123904K, 26% used [0x00000000a0000000,0x00000000a20627f0,0x00000000a7900000)
 Metaspace       used 56894K, capacity 58942K, committed 59028K, reserved 1099776K
  class space    used 7630K, capacity 8108K, committed 8192K, reserved 1048576K
Event: 8.089 GC heap after
Heap after GC invocations=10 (full 3):
 PSYoungGen      total 402944K, used 0K [0x00000000e0000000, 0x0000000100000000, 0x0000000100000000)
  eden space 384000K, 0% used [0x00000000e0000000,0x00000000e0000000,0x00000000f7700000)
  from space 18944K, 0% used [0x00000000f7700000,0x00000000f7700000,0x00000000f8980000)
  to   space 27648K, 0% used [0x00000000fe500000,0x00000000fe500000,0x0000000100000000)
 ParOldGen       total 190976K, used 43126K [0x00000000a0000000, 0x00000000aba80000, 0x00000000e0000000)
  object space 190976K, 22% used [0x00000000a0000000,0x00000000a2a1da78,0x00000000aba80000)
 Metaspace       used 56892K, capacity 58936K, committed 59028K, reserved 1099776K
  class space    used 7629K, capacity 8107K, committed 8192K, reserved 1048576K
}
Event: 115.926 GC heap before
{Heap before GC invocations=11 (full 3):
 PSYoungGen      total 402944K, used 384000K [0x00000000e0000000, 0x0000000100000000, 0x0000000100000000)
  eden space 384000K, 100% used [0x00000000e0000000,0x00000000f7700000,0x00000000f7700000)
  from space 18944K, 0% used [0x00000000f7700000,0x00000000f7700000,0x00000000f8980000)
  to   space 27648K, 0% used [0x00000000fe500000,0x00000000fe500000,0x0000000100000000)
 ParOldGen       total 190976K, used 43126K [0x00000000a0000000, 0x00000000aba80000, 0x00000000e0000000)
  object space 190976K, 22% used [0x00000000a0000000,0x00000000a2a1da78,0x00000000aba80000)
 Metaspace       used 72516K, capacity 76286K, committed 76632K, reserved 1116160K
  class space    used 9698K, capacity 10525K, committed 10624K, reserved 1048576K
Event: 115.946 GC heap after
Heap after GC invocations=11 (full 3):
 PSYoungGen      total 481280K, used 27643K [0x00000000e0000000, 0x0000000100000000, 0x0000000100000000)
  eden space 453632K, 0% used [0x00000000e0000000,0x00000000e0000000,0x00000000fbb00000)
  from space 27648K, 99% used [0x00000000fe500000,0x00000000ffffef18,0x0000000100000000)
  to   space 35328K, 0% used [0x00000000fbb00000,0x00000000fbb00000,0x00000000fdd80000)
 ParOldGen       total 190976K, used 50720K [0x00000000a0000000, 0x00000000aba80000, 0x00000000e0000000)
  object space 190976K, 26% used [0x00000000a0000000,0x00000000a3188300,0x00000000aba80000)
 Metaspace       used 72516K, capacity 76286K, committed 76632K, reserved 1116160K
  class space    used 9698K, capacity 10525K, committed 10624K, reserved 1048576K
}

